Determining if the C compiler works failed with the following output:
Change Dir: E:/AndroidStudioprojects/youbesun/LearnExamples/binderlearn/.cxx/cmake/release/arm64-v8a/CMakeFiles/CMakeTmp

Run Build Command:"E:\Users\wfy\AppData\Local\Android\sdk\cmake\3.10.2.4988404\bin\ninja.exe" "cmTC_6d77f"
[0/1] Re-running CMake...
-- The C compiler identification is Clang 9.0.8
-- Check for working C compiler: E:/Users/wfy/AppData/Local/Android/sdk/ndk/21.1.6352462/toolchains/llvm/prebuilt/windows-x86_64/bin/clang.exe
-- Check for working C compiler: E:/Users/wfy/AppData/Local/Android/sdk/ndk/21.1.6352462/toolchains/llvm/prebuilt/windows-x86_64/bin/clang.exe -- broken
CMake Error at E:/Users/wfy/AppData/Local/Android/sdk/cmake/3.10.2.4988404/share/cmake-3.10/Modules/CMakeTestCCompiler.cmake:52 (message):
  The C compiler

    "E:/Users/wfy/AppData/Local/Android/sdk/ndk/21.1.6352462/toolchains/llvm/prebuilt/windows-x86_64/bin/clang.exe"

  is not able to compile a simple test program.

  It fails with the following output:

    Change Dir: E:/AndroidStudioprojects/youbesun/LearnExamples/binderlearn/.cxx/cmake/release/arm64-v8a/CMakeFiles/CMakeTmp/CMakeFiles/CMakeTmp
    
    Run Build Command:"E:/Users/wfy/AppData/Local/Android/sdk/cmake/3.10.2.4988404/bin/ninja.exe" "cmTC_018d2"
    [1/2] Building C object CMakeFiles/cmTC_018d2.dir/testCCompiler.c.obj
    [2/2] Linking C executable cmTC_018d2.exe
    FAILED: cmTC_018d2.exe 
    cmd.exe /C "cd . && E:\Users\wfy\AppData\Local\Android\sdk\ndk\21.1.6352462\toolchains\llvm\prebuilt\windows-x86_64\bin\clang.exe --target=aarch64-none-linux-android21 --gcc-toolchain=E:/Users/wfy/AppData/Local/Android/sdk/ndk/21.1.6352462/toolchains/llvm/prebuilt/windows-x86_64 --sysroot=E:/Users/wfy/AppData/Local/Android/sdk/ndk/21.1.6352462/toolchains/llvm/prebuilt/windows-x86_64/sysroot    CMakeFiles/cmTC_018d2.dir/testCCompiler.c.obj  -o cmTC_018d2.exe -Wl,--out-implib,libcmTC_018d2.dll.a -Wl,--major-image-version,0,--minor-image-version,0  -lkernel32 -luser32 -lgdi32 -lwinspool -lshell32 -lole32 -loleaut32 -luuid -lcomdlg32 -ladvapi32 && cd ."
    E:/Users/wfy/AppData/Local/Android/sdk/ndk/21.1.6352462/toolchains/llvm/prebuilt/windows-x86_64/lib/gcc/aarch64-linux-android/4.9.x/../../../../aarch64-linux-android/bin\ld: unrecognized option '--out-implib'
    E:/Users/wfy/AppData/Local/Android/sdk/ndk/21.1.6352462/toolchains/llvm/prebuilt/windows-x86_64/lib/gcc/aarch64-linux-android/4.9.x/../../../../aarch64-linux-android/bin\ld: use the --help option for usage information
    clang: error: linker command failed with exit code 1 (use -v to see invocation)
    ninja: build stopped: subcommand failed.
    

  

  CMake will not be able to correctly generate this project.
Call Stack (most recent call first):
  CMakeLists.txt:2 (project)


-- Configuring incomplete, errors occurred!
See also "E:/AndroidStudioprojects/youbesun/LearnExamples/binderlearn/.cxx/cmake/release/arm64-v8a/CMakeFiles/CMakeTmp/CMakeFiles/CMakeOutput.log".
See also "E:/AndroidStudioprojects/youbesun/LearnExamples/binderlearn/.cxx/cmake/release/arm64-v8a/CMakeFiles/CMakeTmp/CMakeFiles/CMakeError.log".
FAILED: build.ninja 
E:\Users\wfy\AppData\Local\Android\sdk\cmake\3.10.2.4988404\bin\cmake.exe -HE:\AndroidStudioprojects\youbesun\LearnExamples\binderlearn\.cxx\cmake\release\arm64-v8a\CMakeFiles\CMakeTmp -BE:\AndroidStudioprojects\youbesun\LearnExamples\binderlearn\.cxx\cmake\release\arm64-v8a\CMakeFiles\CMakeTmp
ninja: error: rebuilding 'build.ninja': subcommand failed


