[
  {
    "level": "INFO",
    "message": "android.ndkVersion from module build.gradle is not set"
  },
  {
    "level": "INFO",
    "message": "ndk.dir in local.properties is E:\\developer\\sdk\\ndk\\21.1.6352462"
  },
  {
    "level": "INFO",
    "message": "ANDROID_NDK_HOME environment variable is not set"
  },
  {
    "level": "INFO",
    "message": "sdkFolder is E:\\developer\\sdk"
  },
  {
    "level": "INFO",
    "message": "Considering E:\\developer\\sdk\\ndk\\21.1.6352462 by ndk.dir"
  },
  {
    "level": "INFO",
    "message": "Considering E:\\developer\\sdk\\ndk-bundle in SDK ndk-bundle folder"
  },
  {
    "level": "INFO",
    "message": "Considering E:\\developer\\sdk\\ndk\\21.1.6352462 in SDK ndk folder"
  },
  {
    "level": "INFO",
    "message": "Considering E:\\developer\\sdk\\ndk\\android-ndk-r17c in SDK ndk folder"
  },
  {
    "level": "INFO",
    "message": "Found requested ndk.dir (E:\\developer\\sdk\\ndk\\21.1.6352462) which has version 21.1.6352462"
  }
]